{"/Users/nals_macbook_267/Documents/side-project/mint-log/front-end-unitest/src/counter.ts": {"path":"/Users/nals_macbook_267/Documents/side-project/mint-log/front-end-unitest/src/counter.ts","all":true,"statementMap":{"0":{"start":{"line":1,"column":0},"end":{"line":1,"column":58}},"1":{"start":{"line":2,"column":0},"end":{"line":2,"column":17}},"2":{"start":{"line":3,"column":0},"end":{"line":3,"column":41}},"3":{"start":{"line":4,"column":0},"end":{"line":4,"column":19}},"4":{"start":{"line":5,"column":0},"end":{"line":5,"column":45}},"5":{"start":{"line":6,"column":0},"end":{"line":6,"column":3}},"6":{"start":{"line":7,"column":0},"end":{"line":7,"column":66}},"7":{"start":{"line":8,"column":0},"end":{"line":8,"column":15}},"8":{"start":{"line":9,"column":0},"end":{"line":9,"column":1}}},"s":{"0":0,"1":0,"2":0,"3":0,"4":0,"5":0,"6":0,"7":0,"8":0},"branchMap":{"0":{"type":"branch","line":1,"loc":{"start":{"line":1,"column":273},"end":{"line":9,"column":1}},"locations":[{"start":{"line":1,"column":273},"end":{"line":9,"column":1}}]}},"b":{"0":[0]},"fnMap":{"0":{"name":"(empty-report)","decl":{"start":{"line":1,"column":273},"end":{"line":9,"column":1}},"loc":{"start":{"line":1,"column":273},"end":{"line":9,"column":1}},"line":1}},"f":{"0":0}}
,"/Users/nals_macbook_267/Documents/side-project/mint-log/front-end-unitest/src/main.ts": {"path":"/Users/nals_macbook_267/Documents/side-project/mint-log/front-end-unitest/src/main.ts","all":true,"statementMap":{"0":{"start":{"line":1,"column":0},"end":{"line":1,"column":20}},"1":{"start":{"line":2,"column":0},"end":{"line":2,"column":45}},"2":{"start":{"line":3,"column":0},"end":{"line":3,"column":32}},"3":{"start":{"line":4,"column":0},"end":{"line":4,"column":43}},"5":{"start":{"line":6,"column":0},"end":{"line":6,"column":61}},"8":{"start":{"line":9,"column":0},"end":{"line":9,"column":60}},"11":{"start":{"line":12,"column":0},"end":{"line":12,"column":80}},"23":{"start":{"line":24,"column":0},"end":{"line":24,"column":68}}},"s":{"0":0,"1":0,"2":0,"3":0,"5":0,"8":0,"11":0,"23":0},"branchMap":{"0":{"type":"branch","line":1,"loc":{"start":{"line":1,"column":0},"end":{"line":24,"column":-236}},"locations":[{"start":{"line":1,"column":0},"end":{"line":24,"column":-236}}]}},"b":{"0":[0]},"fnMap":{"0":{"name":"(empty-report)","decl":{"start":{"line":1,"column":0},"end":{"line":24,"column":-236}},"loc":{"start":{"line":1,"column":0},"end":{"line":24,"column":-236}},"line":1}},"f":{"0":0}}
,"/Users/nals_macbook_267/Documents/side-project/mint-log/front-end-unitest/src/models/order.model.ts": {"path":"/Users/nals_macbook_267/Documents/side-project/mint-log/front-end-unitest/src/models/order.model.ts","all":true,"statementMap":{},"s":{},"branchMap":{"0":{"type":"branch","line":1,"loc":{"start":{"line":1,"column":291},"end":{"line":16,"column":1}},"locations":[{"start":{"line":1,"column":291},"end":{"line":16,"column":1}}]}},"b":{"0":[1]},"fnMap":{"0":{"name":"(empty-report)","decl":{"start":{"line":1,"column":291},"end":{"line":16,"column":1}},"loc":{"start":{"line":1,"column":291},"end":{"line":16,"column":1}},"line":1}},"f":{"0":1}}
,"/Users/nals_macbook_267/Documents/side-project/mint-log/front-end-unitest/src/models/payment.model.ts": {"path":"/Users/nals_macbook_267/Documents/side-project/mint-log/front-end-unitest/src/models/payment.model.ts","all":false,"statementMap":{"0":{"start":{"line":1,"column":0},"end":{"line":1,"column":27}},"1":{"start":{"line":2,"column":0},"end":{"line":2,"column":20}},"2":{"start":{"line":3,"column":0},"end":{"line":3,"column":20}},"3":{"start":{"line":4,"column":0},"end":{"line":4,"column":18}}},"s":{"0":1,"1":1,"2":1,"3":1},"branchMap":{"0":{"type":"branch","line":1,"loc":{"start":{"line":1,"column":7},"end":{"line":1,"column":27}},"locations":[{"start":{"line":1,"column":7},"end":{"line":1,"column":27}}]}},"b":{"0":[1]},"fnMap":{},"f":{}}
,"/Users/nals_macbook_267/Documents/side-project/mint-log/front-end-unitest/src/services/core.service.ts": {"path":"/Users/nals_macbook_267/Documents/side-project/mint-log/front-end-unitest/src/services/core.service.ts","all":false,"statementMap":{"0":{"start":{"line":1,"column":0},"end":{"line":1,"column":26}},"1":{"start":{"line":2,"column":0},"end":{"line":2,"column":15}},"6":{"start":{"line":7,"column":0},"end":{"line":7,"column":17}},"8":{"start":{"line":9,"column":0},"end":{"line":9,"column":62}},"9":{"start":{"line":10,"column":0},"end":{"line":10,"column":3}},"16":{"start":{"line":17,"column":0},"end":{"line":17,"column":21}},"17":{"start":{"line":18,"column":0},"end":{"line":18,"column":52}},"18":{"start":{"line":19,"column":0},"end":{"line":19,"column":45}},"19":{"start":{"line":20,"column":0},"end":{"line":20,"column":43}},"20":{"start":{"line":21,"column":0},"end":{"line":21,"column":3}},"29":{"start":{"line":30,"column":0},"end":{"line":30,"column":55}},"30":{"start":{"line":31,"column":0},"end":{"line":31,"column":51}},"31":{"start":{"line":32,"column":0},"end":{"line":32,"column":44}},"32":{"start":{"line":33,"column":0},"end":{"line":33,"column":55}},"33":{"start":{"line":34,"column":0},"end":{"line":34,"column":8}},"35":{"start":{"line":36,"column":0},"end":{"line":36,"column":29}},"36":{"start":{"line":37,"column":0},"end":{"line":37,"column":47}},"37":{"start":{"line":38,"column":0},"end":{"line":38,"column":7}},"39":{"start":{"line":40,"column":0},"end":{"line":40,"column":52}},"40":{"start":{"line":41,"column":0},"end":{"line":41,"column":15}},"41":{"start":{"line":42,"column":0},"end":{"line":42,"column":18}},"42":{"start":{"line":43,"column":0},"end":{"line":43,"column":9}},"44":{"start":{"line":45,"column":0},"end":{"line":45,"column":25}},"45":{"start":{"line":46,"column":0},"end":{"line":46,"column":82}},"46":{"start":{"line":47,"column":0},"end":{"line":47,"column":7}},"48":{"start":{"line":49,"column":0},"end":{"line":49,"column":40}},"49":{"start":{"line":50,"column":0},"end":{"line":50,"column":19}},"50":{"start":{"line":51,"column":0},"end":{"line":51,"column":6}},"51":{"start":{"line":52,"column":0},"end":{"line":52,"column":3}},"58":{"start":{"line":59,"column":0},"end":{"line":59,"column":26}},"59":{"start":{"line":60,"column":0},"end":{"line":60,"column":33}},"60":{"start":{"line":61,"column":0},"end":{"line":61,"column":3}},"68":{"start":{"line":69,"column":0},"end":{"line":69,"column":37}},"69":{"start":{"line":70,"column":0},"end":{"line":70,"column":40}},"70":{"start":{"line":71,"column":0},"end":{"line":71,"column":3}},"71":{"start":{"line":72,"column":0},"end":{"line":72,"column":1}}},"s":{"0":1,"1":4,"6":4,"8":4,"9":4,"16":4,"17":6,"18":6,"19":6,"20":6,"29":4,"30":3,"31":3,"32":3,"33":3,"35":3,"36":1,"37":1,"39":3,"40":3,"41":3,"42":3,"44":3,"45":1,"46":1,"48":3,"49":3,"50":3,"51":3,"58":4,"59":2,"60":2,"68":4,"69":1,"70":1,"71":4},"branchMap":{"0":{"type":"branch","line":1,"loc":{"start":{"line":1,"column":7},"end":{"line":72,"column":1}},"locations":[{"start":{"line":1,"column":7},"end":{"line":72,"column":1}}]},"1":{"type":"branch","line":7,"loc":{"start":{"line":7,"column":2},"end":{"line":10,"column":3}},"locations":[{"start":{"line":7,"column":2},"end":{"line":10,"column":3}}]},"2":{"type":"branch","line":17,"loc":{"start":{"line":17,"column":2},"end":{"line":21,"column":3}},"locations":[{"start":{"line":17,"column":2},"end":{"line":21,"column":3}}]},"3":{"type":"branch","line":30,"loc":{"start":{"line":30,"column":2},"end":{"line":52,"column":3}},"locations":[{"start":{"line":30,"column":2},"end":{"line":52,"column":3}}]},"4":{"type":"branch","line":31,"loc":{"start":{"line":31,"column":23},"end":{"line":51,"column":5}},"locations":[{"start":{"line":31,"column":23},"end":{"line":51,"column":5}}]},"5":{"type":"branch","line":36,"loc":{"start":{"line":36,"column":28},"end":{"line":38,"column":7}},"locations":[{"start":{"line":36,"column":28},"end":{"line":38,"column":7}}]},"6":{"type":"branch","line":45,"loc":{"start":{"line":45,"column":24},"end":{"line":47,"column":7}},"locations":[{"start":{"line":45,"column":24},"end":{"line":47,"column":7}}]},"7":{"type":"branch","line":59,"loc":{"start":{"line":59,"column":2},"end":{"line":61,"column":3}},"locations":[{"start":{"line":59,"column":2},"end":{"line":61,"column":3}}]},"8":{"type":"branch","line":69,"loc":{"start":{"line":69,"column":2},"end":{"line":71,"column":3}},"locations":[{"start":{"line":69,"column":2},"end":{"line":71,"column":3}}]}},"b":{"0":[4],"1":[4],"2":[6],"3":[3],"4":[3],"5":[1],"6":[1],"7":[2],"8":[1]},"fnMap":{"0":{"name":"<instance_members_initializer>","decl":{"start":{"line":1,"column":7},"end":{"line":72,"column":1}},"loc":{"start":{"line":1,"column":7},"end":{"line":72,"column":1}},"line":1},"1":{"name":"CoreService","decl":{"start":{"line":7,"column":2},"end":{"line":10,"column":3}},"loc":{"start":{"line":7,"column":2},"end":{"line":10,"column":3}},"line":7},"2":{"name":"path","decl":{"start":{"line":17,"column":2},"end":{"line":21,"column":3}},"loc":{"start":{"line":17,"column":2},"end":{"line":21,"column":3}},"line":17},"3":{"name":"call","decl":{"start":{"line":30,"column":2},"end":{"line":52,"column":3}},"loc":{"start":{"line":30,"column":2},"end":{"line":52,"column":3}},"line":30},"4":{"name":"get","decl":{"start":{"line":59,"column":2},"end":{"line":61,"column":3}},"loc":{"start":{"line":59,"column":2},"end":{"line":61,"column":3}},"line":59},"5":{"name":"post","decl":{"start":{"line":69,"column":2},"end":{"line":71,"column":3}},"loc":{"start":{"line":69,"column":2},"end":{"line":71,"column":3}},"line":69}},"f":{"0":4,"1":4,"2":6,"3":3,"4":2,"5":1}}
,"/Users/nals_macbook_267/Documents/side-project/mint-log/front-end-unitest/src/services/coupon.service.ts": {"path":"/Users/nals_macbook_267/Documents/side-project/mint-log/front-end-unitest/src/services/coupon.service.ts","all":false,"statementMap":{"2":{"start":{"line":3,"column":0},"end":{"line":3,"column":28}},"3":{"start":{"line":4,"column":0},"end":{"line":4,"column":43}},"5":{"start":{"line":6,"column":0},"end":{"line":6,"column":14}},"6":{"start":{"line":7,"column":0},"end":{"line":7,"column":45}},"7":{"start":{"line":8,"column":0},"end":{"line":8,"column":7}},"14":{"start":{"line":15,"column":0},"end":{"line":15,"column":51}},"15":{"start":{"line":16,"column":0},"end":{"line":16,"column":9}},"16":{"start":{"line":17,"column":0},"end":{"line":17,"column":74}},"17":{"start":{"line":18,"column":0},"end":{"line":18,"column":21}},"18":{"start":{"line":19,"column":0},"end":{"line":19,"column":18}},"19":{"start":{"line":20,"column":0},"end":{"line":20,"column":5}},"20":{"start":{"line":21,"column":0},"end":{"line":21,"column":3}},"21":{"start":{"line":22,"column":0},"end":{"line":22,"column":1}}},"s":{"2":1,"3":2,"5":2,"6":2,"7":2,"14":2,"15":2,"16":2,"17":2,"18":1,"19":1,"20":2,"21":2},"branchMap":{"0":{"type":"branch","line":3,"loc":{"start":{"line":3,"column":7},"end":{"line":22,"column":1}},"locations":[{"start":{"line":3,"column":7},"end":{"line":22,"column":1}}]},"1":{"type":"branch","line":6,"loc":{"start":{"line":6,"column":2},"end":{"line":8,"column":7}},"locations":[{"start":{"line":6,"column":2},"end":{"line":8,"column":7}}]},"2":{"type":"branch","line":15,"loc":{"start":{"line":15,"column":2},"end":{"line":21,"column":3}},"locations":[{"start":{"line":15,"column":2},"end":{"line":21,"column":3}}]},"3":{"type":"branch","line":18,"loc":{"start":{"line":18,"column":4},"end":{"line":20,"column":5}},"locations":[{"start":{"line":18,"column":4},"end":{"line":20,"column":5}}]}},"b":{"0":[2],"1":[2],"2":[2],"3":[1]},"fnMap":{"0":{"name":"<instance_members_initializer>","decl":{"start":{"line":3,"column":7},"end":{"line":22,"column":1}},"loc":{"start":{"line":3,"column":7},"end":{"line":22,"column":1}},"line":3},"1":{"name":"CouponService","decl":{"start":{"line":6,"column":2},"end":{"line":8,"column":7}},"loc":{"start":{"line":6,"column":2},"end":{"line":8,"column":7}},"line":6},"2":{"name":"getCoupon","decl":{"start":{"line":15,"column":2},"end":{"line":21,"column":3}},"loc":{"start":{"line":15,"column":2},"end":{"line":21,"column":3}},"line":15}},"f":{"0":2,"1":2,"2":2}}
,"/Users/nals_macbook_267/Documents/side-project/mint-log/front-end-unitest/src/services/order.service.ts": {"path":"/Users/nals_macbook_267/Documents/side-project/mint-log/front-end-unitest/src/services/order.service.ts","all":false,"statementMap":{"5":{"start":{"line":6,"column":0},"end":{"line":6,"column":27}},"6":{"start":{"line":7,"column":0},"end":{"line":7,"column":14}},"7":{"start":{"line":8,"column":0},"end":{"line":8,"column":52}},"8":{"start":{"line":9,"column":0},"end":{"line":9,"column":50}},"9":{"start":{"line":10,"column":0},"end":{"line":10,"column":45}},"10":{"start":{"line":11,"column":0},"end":{"line":11,"column":7}},"12":{"start":{"line":13,"column":0},"end":{"line":13,"column":63}},"13":{"start":{"line":14,"column":0},"end":{"line":14,"column":9}},"14":{"start":{"line":15,"column":0},"end":{"line":15,"column":59}},"15":{"start":{"line":16,"column":0},"end":{"line":16,"column":21}},"16":{"start":{"line":17,"column":0},"end":{"line":17,"column":18}},"17":{"start":{"line":18,"column":0},"end":{"line":18,"column":5}},"18":{"start":{"line":19,"column":0},"end":{"line":19,"column":3}},"20":{"start":{"line":21,"column":0},"end":{"line":21,"column":40}},"21":{"start":{"line":22,"column":0},"end":{"line":22,"column":31}},"22":{"start":{"line":23,"column":0},"end":{"line":23,"column":50}},"23":{"start":{"line":24,"column":0},"end":{"line":24,"column":5}},"25":{"start":{"line":26,"column":0},"end":{"line":26,"column":74}},"26":{"start":{"line":27,"column":0},"end":{"line":27,"column":49}},"27":{"start":{"line":28,"column":0},"end":{"line":28,"column":5}},"29":{"start":{"line":30,"column":0},"end":{"line":30,"column":92}},"31":{"start":{"line":32,"column":0},"end":{"line":32,"column":25}},"32":{"start":{"line":33,"column":0},"end":{"line":33,"column":72}},"34":{"start":{"line":35,"column":0},"end":{"line":35,"column":20}},"35":{"start":{"line":36,"column":0},"end":{"line":36,"column":42}},"36":{"start":{"line":37,"column":0},"end":{"line":37,"column":7}},"38":{"start":{"line":39,"column":0},"end":{"line":39,"column":36}},"40":{"start":{"line":41,"column":0},"end":{"line":41,"column":27}},"41":{"start":{"line":42,"column":0},"end":{"line":42,"column":23}},"42":{"start":{"line":43,"column":0},"end":{"line":43,"column":7}},"43":{"start":{"line":44,"column":0},"end":{"line":44,"column":5}},"45":{"start":{"line":46,"column":0},"end":{"line":46,"column":26}},"46":{"start":{"line":47,"column":0},"end":{"line":47,"column":15}},"47":{"start":{"line":48,"column":0},"end":{"line":48,"column":17}},"48":{"start":{"line":49,"column":0},"end":{"line":49,"column":72}},"49":{"start":{"line":50,"column":0},"end":{"line":50,"column":5}},"51":{"start":{"line":52,"column":0},"end":{"line":52,"column":62}},"53":{"start":{"line":54,"column":0},"end":{"line":54,"column":24}},"54":{"start":{"line":55,"column":0},"end":{"line":55,"column":48}},"55":{"start":{"line":56,"column":0},"end":{"line":56,"column":5}},"57":{"start":{"line":58,"column":0},"end":{"line":58,"column":49}},"58":{"start":{"line":59,"column":0},"end":{"line":59,"column":3}},"59":{"start":{"line":60,"column":0},"end":{"line":60,"column":1}}},"s":{"5":1,"6":1,"7":10,"8":10,"9":10,"10":10,"12":1,"13":2,"14":2,"15":2,"16":1,"17":1,"18":2,"20":1,"21":8,"22":1,"23":1,"25":8,"26":2,"27":2,"29":5,"31":8,"32":4,"34":4,"35":1,"36":1,"38":3,"40":4,"41":1,"42":1,"43":4,"45":4,"46":4,"47":4,"48":4,"49":4,"51":4,"53":8,"54":1,"55":1,"57":3,"58":8,"59":1},"branchMap":{"0":{"type":"branch","line":7,"loc":{"start":{"line":7,"column":2},"end":{"line":11,"column":7}},"locations":[{"start":{"line":7,"column":2},"end":{"line":11,"column":7}}]},"1":{"type":"branch","line":13,"loc":{"start":{"line":13,"column":2},"end":{"line":19,"column":3}},"locations":[{"start":{"line":13,"column":2},"end":{"line":19,"column":3}}]},"2":{"type":"branch","line":16,"loc":{"start":{"line":16,"column":4},"end":{"line":18,"column":5}},"locations":[{"start":{"line":16,"column":4},"end":{"line":18,"column":5}}]},"3":{"type":"branch","line":21,"loc":{"start":{"line":21,"column":2},"end":{"line":59,"column":3}},"locations":[{"start":{"line":21,"column":2},"end":{"line":59,"column":3}}]},"4":{"type":"branch","line":22,"loc":{"start":{"line":22,"column":30},"end":{"line":24,"column":5}},"locations":[{"start":{"line":22,"column":30},"end":{"line":24,"column":5}}]},"5":{"type":"branch","line":24,"loc":{"start":{"line":24,"column":4},"end":{"line":26,"column":73}},"locations":[{"start":{"line":24,"column":4},"end":{"line":26,"column":73}}]},"6":{"type":"branch","line":26,"loc":{"start":{"line":26,"column":73},"end":{"line":28,"column":5}},"locations":[{"start":{"line":26,"column":73},"end":{"line":28,"column":5}}]},"7":{"type":"branch","line":28,"loc":{"start":{"line":28,"column":4},"end":{"line":32,"column":24}},"locations":[{"start":{"line":28,"column":4},"end":{"line":32,"column":24}}]},"8":{"type":"branch","line":32,"loc":{"start":{"line":32,"column":24},"end":{"line":54,"column":23}},"locations":[{"start":{"line":32,"column":24},"end":{"line":54,"column":23}}]},"9":{"type":"branch","line":35,"loc":{"start":{"line":35,"column":19},"end":{"line":37,"column":7}},"locations":[{"start":{"line":35,"column":19},"end":{"line":37,"column":7}}]},"10":{"type":"branch","line":37,"loc":{"start":{"line":37,"column":6},"end":{"line":41,"column":26}},"locations":[{"start":{"line":37,"column":6},"end":{"line":41,"column":26}}]},"11":{"type":"branch","line":41,"loc":{"start":{"line":41,"column":26},"end":{"line":43,"column":7}},"locations":[{"start":{"line":41,"column":26},"end":{"line":43,"column":7}}]},"12":{"type":"branch","line":54,"loc":{"start":{"line":54,"column":23},"end":{"line":56,"column":5}},"locations":[{"start":{"line":54,"column":23},"end":{"line":56,"column":5}}]},"13":{"type":"branch","line":56,"loc":{"start":{"line":56,"column":4},"end":{"line":58,"column":49}},"locations":[{"start":{"line":56,"column":4},"end":{"line":58,"column":49}}]},"14":{"type":"branch","line":26,"loc":{"start":{"line":26,"column":25},"end":{"line":26,"column":70}},"locations":[{"start":{"line":26,"column":25},"end":{"line":26,"column":70}}]},"15":{"type":"branch","line":26,"loc":{"start":{"line":26,"column":47},"end":{"line":26,"column":70}},"locations":[{"start":{"line":26,"column":47},"end":{"line":26,"column":70}}]},"16":{"type":"branch","line":30,"loc":{"start":{"line":30,"column":40},"end":{"line":30,"column":89}},"locations":[{"start":{"line":30,"column":40},"end":{"line":30,"column":89}}]}},"b":{"0":[10],"1":[2],"2":[1],"3":[8],"4":[1],"5":[7],"6":[2],"7":[5],"8":[4],"9":[1],"10":[3],"11":[1],"12":[1],"13":[3],"14":[7],"15":[6],"16":[5]},"fnMap":{"0":{"name":"OrderService","decl":{"start":{"line":7,"column":2},"end":{"line":11,"column":7}},"loc":{"start":{"line":7,"column":2},"end":{"line":11,"column":7}},"line":7},"1":{"name":"createOrder","decl":{"start":{"line":13,"column":2},"end":{"line":19,"column":3}},"loc":{"start":{"line":13,"column":2},"end":{"line":19,"column":3}},"line":13},"2":{"name":"process","decl":{"start":{"line":21,"column":2},"end":{"line":59,"column":3}},"loc":{"start":{"line":21,"column":2},"end":{"line":59,"column":3}},"line":21}},"f":{"0":10,"1":2,"2":8}}
,"/Users/nals_macbook_267/Documents/side-project/mint-log/front-end-unitest/src/services/payment.service.ts": {"path":"/Users/nals_macbook_267/Documents/side-project/mint-log/front-end-unitest/src/services/payment.service.ts","all":false,"statementMap":{"0":{"start":{"line":1,"column":0},"end":{"line":1,"column":56}},"3":{"start":{"line":4,"column":0},"end":{"line":4,"column":29}},"4":{"start":{"line":5,"column":0},"end":{"line":5,"column":39}},"5":{"start":{"line":6,"column":0},"end":{"line":6,"column":25}},"6":{"start":{"line":7,"column":0},"end":{"line":7,"column":25}},"7":{"start":{"line":8,"column":0},"end":{"line":8,"column":24}},"8":{"start":{"line":9,"column":0},"end":{"line":9,"column":4}},"10":{"start":{"line":11,"column":0},"end":{"line":11,"column":42}},"11":{"start":{"line":12,"column":0},"end":{"line":12,"column":68}},"12":{"start":{"line":13,"column":0},"end":{"line":13,"column":44}},"14":{"start":{"line":15,"column":0},"end":{"line":15,"column":36}},"15":{"start":{"line":16,"column":0},"end":{"line":16,"column":7}},"17":{"start":{"line":18,"column":0},"end":{"line":18,"column":43}},"19":{"start":{"line":20,"column":0},"end":{"line":20,"column":36}},"20":{"start":{"line":21,"column":0},"end":{"line":21,"column":7}},"22":{"start":{"line":23,"column":0},"end":{"line":23,"column":22}},"23":{"start":{"line":24,"column":0},"end":{"line":24,"column":7}},"25":{"start":{"line":26,"column":0},"end":{"line":26,"column":37}},"26":{"start":{"line":27,"column":0},"end":{"line":27,"column":3}},"28":{"start":{"line":29,"column":0},"end":{"line":29,"column":34}},"29":{"start":{"line":30,"column":0},"end":{"line":30,"column":81}},"30":{"start":{"line":31,"column":0},"end":{"line":31,"column":3}},"31":{"start":{"line":32,"column":0},"end":{"line":32,"column":1}}},"s":{"0":1,"3":1,"4":5,"5":5,"6":5,"7":5,"8":5,"10":5,"11":4,"12":12,"14":4,"15":4,"17":12,"19":4,"20":4,"22":4,"23":4,"25":4,"26":4,"28":5,"29":1,"30":1,"31":5},"branchMap":{"0":{"type":"branch","line":4,"loc":{"start":{"line":4,"column":7},"end":{"line":32,"column":1}},"locations":[{"start":{"line":4,"column":7},"end":{"line":32,"column":1}}]},"1":{"type":"branch","line":11,"loc":{"start":{"line":11,"column":2},"end":{"line":27,"column":3}},"locations":[{"start":{"line":11,"column":2},"end":{"line":27,"column":3}}]},"2":{"type":"branch","line":12,"loc":{"start":{"line":12,"column":57},"end":{"line":24,"column":5}},"locations":[{"start":{"line":12,"column":57},"end":{"line":24,"column":5}}]},"3":{"type":"branch","line":13,"loc":{"start":{"line":13,"column":43},"end":{"line":16,"column":7}},"locations":[{"start":{"line":13,"column":43},"end":{"line":16,"column":7}}]},"4":{"type":"branch","line":16,"loc":{"start":{"line":16,"column":6},"end":{"line":18,"column":42}},"locations":[{"start":{"line":16,"column":6},"end":{"line":18,"column":42}}]},"5":{"type":"branch","line":18,"loc":{"start":{"line":18,"column":42},"end":{"line":23,"column":22}},"locations":[{"start":{"line":18,"column":42},"end":{"line":23,"column":22}}]},"6":{"type":"branch","line":29,"loc":{"start":{"line":29,"column":2},"end":{"line":31,"column":3}},"locations":[{"start":{"line":29,"column":2},"end":{"line":31,"column":3}}]}},"b":{"0":[5],"1":[4],"2":[12],"3":[4],"4":[8],"5":[4],"6":[1]},"fnMap":{"0":{"name":"<instance_members_initializer>","decl":{"start":{"line":4,"column":7},"end":{"line":32,"column":1}},"loc":{"start":{"line":4,"column":7},"end":{"line":32,"column":1}},"line":4},"1":{"name":"buildPaymentMethod","decl":{"start":{"line":11,"column":2},"end":{"line":27,"column":3}},"loc":{"start":{"line":11,"column":2},"end":{"line":27,"column":3}},"line":11},"2":{"name":"payViaLink","decl":{"start":{"line":29,"column":2},"end":{"line":31,"column":3}},"loc":{"start":{"line":29,"column":2},"end":{"line":31,"column":3}},"line":29}},"f":{"0":5,"1":4,"2":1}}
}
